Symlinking /home/legendarygene/Desktop/Robotics_visualize/Robotics_Visualize/catkin_ws/devel/share/turtlesim/cmake/turtlesim-msg-paths.cmake
Symlinking /home/legendarygene/Desktop/Robotics_visualize/Robotics_Visualize/catkin_ws/devel/share/turtlesim/cmake/turtlesimConfig.cmake
Symlinking /home/legendarygene/Desktop/Robotics_visualize/Robotics_Visualize/catkin_ws/devel/share/turtlesim/cmake/turtlesimConfig-version.cmake
Symlinking /home/legendarygene/Desktop/Robotics_visualize/Robotics_Visualize/catkin_ws/devel/share/turtlesim/cmake/turtlesim-msg-extras.cmake
Symlinking /home/legendarygene/Desktop/Robotics_visualize/Robotics_Visualize/catkin_ws/devel/share/roseus/ros/turtlesim/manifest.l
Symlinking /home/legendarygene/Desktop/Robotics_visualize/Robotics_Visualize/catkin_ws/devel/share/roseus/ros/turtlesim/srv/Spawn.l
Symlinking /home/legendarygene/Desktop/Robotics_visualize/Robotics_Visualize/catkin_ws/devel/share/roseus/ros/turtlesim/srv/Kill.l
Symlinking /home/legendarygene/Desktop/Robotics_visualize/Robotics_Visualize/catkin_ws/devel/share/roseus/ros/turtlesim/srv/TeleportAbsolute.l
Symlinking /home/legendarygene/Desktop/Robotics_visualize/Robotics_Visualize/catkin_ws/devel/share/roseus/ros/turtlesim/srv/SetPen.l
Symlinking /home/legendarygene/Desktop/Robotics_visualize/Robotics_Visualize/catkin_ws/devel/share/roseus/ros/turtlesim/srv/TeleportRelative.l
Symlinking /home/legendarygene/Desktop/Robotics_visualize/Robotics_Visualize/catkin_ws/devel/share/roseus/ros/turtlesim/msg/Color.l
Symlinking /home/legendarygene/Desktop/Robotics_visualize/Robotics_Visualize/catkin_ws/devel/share/roseus/ros/turtlesim/msg/Pose.l
Symlinking /home/legendarygene/Desktop/Robotics_visualize/Robotics_Visualize/catkin_ws/devel/share/common-lisp/ros/turtlesim/srv/_package_SetPen.lisp
Symlinking /home/legendarygene/Desktop/Robotics_visualize/Robotics_Visualize/catkin_ws/devel/share/common-lisp/ros/turtlesim/srv/TeleportAbsolute.lisp
Symlinking /home/legendarygene/Desktop/Robotics_visualize/Robotics_Visualize/catkin_ws/devel/share/common-lisp/ros/turtlesim/srv/_package_Spawn.lisp
Symlinking /home/legendarygene/Desktop/Robotics_visualize/Robotics_Visualize/catkin_ws/devel/share/common-lisp/ros/turtlesim/srv/turtlesim-srv.asd
Symlinking /home/legendarygene/Desktop/Robotics_visualize/Robotics_Visualize/catkin_ws/devel/share/common-lisp/ros/turtlesim/srv/Kill.lisp
Symlinking /home/legendarygene/Desktop/Robotics_visualize/Robotics_Visualize/catkin_ws/devel/share/common-lisp/ros/turtlesim/srv/SetPen.lisp
Symlinking /home/legendarygene/Desktop/Robotics_visualize/Robotics_Visualize/catkin_ws/devel/share/common-lisp/ros/turtlesim/srv/_package_Kill.lisp
Symlinking /home/legendarygene/Desktop/Robotics_visualize/Robotics_Visualize/catkin_ws/devel/share/common-lisp/ros/turtlesim/srv/_package.lisp
Symlinking /home/legendarygene/Desktop/Robotics_visualize/Robotics_Visualize/catkin_ws/devel/share/common-lisp/ros/turtlesim/srv/_package_TeleportRelative.lisp
Symlinking /home/legendarygene/Desktop/Robotics_visualize/Robotics_Visualize/catkin_ws/devel/share/common-lisp/ros/turtlesim/srv/TeleportRelative.lisp
Symlinking /home/legendarygene/Desktop/Robotics_visualize/Robotics_Visualize/catkin_ws/devel/share/common-lisp/ros/turtlesim/srv/_package_TeleportAbsolute.lisp
Symlinking /home/legendarygene/Desktop/Robotics_visualize/Robotics_Visualize/catkin_ws/devel/share/common-lisp/ros/turtlesim/srv/Spawn.lisp
Symlinking /home/legendarygene/Desktop/Robotics_visualize/Robotics_Visualize/catkin_ws/devel/share/common-lisp/ros/turtlesim/msg/Pose.lisp
Symlinking /home/legendarygene/Desktop/Robotics_visualize/Robotics_Visualize/catkin_ws/devel/share/common-lisp/ros/turtlesim/msg/turtlesim-msg.asd
Symlinking /home/legendarygene/Desktop/Robotics_visualize/Robotics_Visualize/catkin_ws/devel/share/common-lisp/ros/turtlesim/msg/_package_Color.lisp
Symlinking /home/legendarygene/Desktop/Robotics_visualize/Robotics_Visualize/catkin_ws/devel/share/common-lisp/ros/turtlesim/msg/_package.lisp
Symlinking /home/legendarygene/Desktop/Robotics_visualize/Robotics_Visualize/catkin_ws/devel/share/common-lisp/ros/turtlesim/msg/_package_Pose.lisp
Symlinking /home/legendarygene/Desktop/Robotics_visualize/Robotics_Visualize/catkin_ws/devel/share/common-lisp/ros/turtlesim/msg/Color.lisp
Symlinking /home/legendarygene/Desktop/Robotics_visualize/Robotics_Visualize/catkin_ws/devel/share/gennodejs/ros/turtlesim/_index.js
Symlinking /home/legendarygene/Desktop/Robotics_visualize/Robotics_Visualize/catkin_ws/devel/share/gennodejs/ros/turtlesim/srv/SetPen.js
Symlinking /home/legendarygene/Desktop/Robotics_visualize/Robotics_Visualize/catkin_ws/devel/share/gennodejs/ros/turtlesim/srv/TeleportRelative.js
Symlinking /home/legendarygene/Desktop/Robotics_visualize/Robotics_Visualize/catkin_ws/devel/share/gennodejs/ros/turtlesim/srv/Kill.js
Symlinking /home/legendarygene/Desktop/Robotics_visualize/Robotics_Visualize/catkin_ws/devel/share/gennodejs/ros/turtlesim/srv/TeleportAbsolute.js
Symlinking /home/legendarygene/Desktop/Robotics_visualize/Robotics_Visualize/catkin_ws/devel/share/gennodejs/ros/turtlesim/srv/Spawn.js
Symlinking /home/legendarygene/Desktop/Robotics_visualize/Robotics_Visualize/catkin_ws/devel/share/gennodejs/ros/turtlesim/srv/_index.js
Symlinking /home/legendarygene/Desktop/Robotics_visualize/Robotics_Visualize/catkin_ws/devel/share/gennodejs/ros/turtlesim/msg/Pose.js
Symlinking /home/legendarygene/Desktop/Robotics_visualize/Robotics_Visualize/catkin_ws/devel/share/gennodejs/ros/turtlesim/msg/_index.js
Symlinking /home/legendarygene/Desktop/Robotics_visualize/Robotics_Visualize/catkin_ws/devel/share/gennodejs/ros/turtlesim/msg/Color.js
Symlinking /home/legendarygene/Desktop/Robotics_visualize/Robotics_Visualize/catkin_ws/devel/include/turtlesim/KillRequest.h
Symlinking /home/legendarygene/Desktop/Robotics_visualize/Robotics_Visualize/catkin_ws/devel/include/turtlesim/TeleportRelative.h
Symlinking /home/legendarygene/Desktop/Robotics_visualize/Robotics_Visualize/catkin_ws/devel/include/turtlesim/SpawnResponse.h
Symlinking /home/legendarygene/Desktop/Robotics_visualize/Robotics_Visualize/catkin_ws/devel/include/turtlesim/TeleportRelativeRequest.h
Symlinking /home/legendarygene/Desktop/Robotics_visualize/Robotics_Visualize/catkin_ws/devel/include/turtlesim/Pose.h
Symlinking /home/legendarygene/Desktop/Robotics_visualize/Robotics_Visualize/catkin_ws/devel/include/turtlesim/TeleportRelativeResponse.h
Symlinking /home/legendarygene/Desktop/Robotics_visualize/Robotics_Visualize/catkin_ws/devel/include/turtlesim/SetPenRequest.h
Symlinking /home/legendarygene/Desktop/Robotics_visualize/Robotics_Visualize/catkin_ws/devel/include/turtlesim/SetPen.h
Symlinking /home/legendarygene/Desktop/Robotics_visualize/Robotics_Visualize/catkin_ws/devel/include/turtlesim/SpawnRequest.h
Symlinking /home/legendarygene/Desktop/Robotics_visualize/Robotics_Visualize/catkin_ws/devel/include/turtlesim/TeleportAbsolute.h
Symlinking /home/legendarygene/Desktop/Robotics_visualize/Robotics_Visualize/catkin_ws/devel/include/turtlesim/TeleportAbsoluteRequest.h
Symlinking /home/legendarygene/Desktop/Robotics_visualize/Robotics_Visualize/catkin_ws/devel/include/turtlesim/TeleportAbsoluteResponse.h
Symlinking /home/legendarygene/Desktop/Robotics_visualize/Robotics_Visualize/catkin_ws/devel/include/turtlesim/KillResponse.h
Symlinking /home/legendarygene/Desktop/Robotics_visualize/Robotics_Visualize/catkin_ws/devel/include/turtlesim/Color.h
Symlinking /home/legendarygene/Desktop/Robotics_visualize/Robotics_Visualize/catkin_ws/devel/include/turtlesim/SetPenResponse.h
Symlinking /home/legendarygene/Desktop/Robotics_visualize/Robotics_Visualize/catkin_ws/devel/include/turtlesim/Kill.h
Symlinking /home/legendarygene/Desktop/Robotics_visualize/Robotics_Visualize/catkin_ws/devel/include/turtlesim/Spawn.h
Symlinking /home/legendarygene/Desktop/Robotics_visualize/Robotics_Visualize/catkin_ws/devel/lib/turtlesim/mimic
Symlinking /home/legendarygene/Desktop/Robotics_visualize/Robotics_Visualize/catkin_ws/devel/lib/turtlesim/draw_square
Symlinking /home/legendarygene/Desktop/Robotics_visualize/Robotics_Visualize/catkin_ws/devel/lib/turtlesim/turtle_teleop_key
Symlinking /home/legendarygene/Desktop/Robotics_visualize/Robotics_Visualize/catkin_ws/devel/lib/turtlesim/turtlesim_node
Symlinking /home/legendarygene/Desktop/Robotics_visualize/Robotics_Visualize/catkin_ws/devel/lib/pkgconfig/turtlesim.pc
Symlinking /home/legendarygene/Desktop/Robotics_visualize/Robotics_Visualize/catkin_ws/devel/lib/python3/dist-packages/turtlesim/__init__.py
Symlinking /home/legendarygene/Desktop/Robotics_visualize/Robotics_Visualize/catkin_ws/devel/lib/python3/dist-packages/turtlesim/srv/_SetPen.py
Symlinking /home/legendarygene/Desktop/Robotics_visualize/Robotics_Visualize/catkin_ws/devel/lib/python3/dist-packages/turtlesim/srv/_Spawn.py
Symlinking /home/legendarygene/Desktop/Robotics_visualize/Robotics_Visualize/catkin_ws/devel/lib/python3/dist-packages/turtlesim/srv/__init__.py
Symlinking /home/legendarygene/Desktop/Robotics_visualize/Robotics_Visualize/catkin_ws/devel/lib/python3/dist-packages/turtlesim/srv/_Kill.py
Symlinking /home/legendarygene/Desktop/Robotics_visualize/Robotics_Visualize/catkin_ws/devel/lib/python3/dist-packages/turtlesim/srv/_TeleportRelative.py
Symlinking /home/legendarygene/Desktop/Robotics_visualize/Robotics_Visualize/catkin_ws/devel/lib/python3/dist-packages/turtlesim/srv/_TeleportAbsolute.py
Symlinking /home/legendarygene/Desktop/Robotics_visualize/Robotics_Visualize/catkin_ws/devel/lib/python3/dist-packages/turtlesim/msg/__init__.py
Symlinking /home/legendarygene/Desktop/Robotics_visualize/Robotics_Visualize/catkin_ws/devel/lib/python3/dist-packages/turtlesim/msg/_Pose.py
Symlinking /home/legendarygene/Desktop/Robotics_visualize/Robotics_Visualize/catkin_ws/devel/lib/python3/dist-packages/turtlesim/msg/_Color.py
